(0000) 3000  0011000000000000 (   1)                 .ORIG x3000
(3000) 5260  0101001001100000 (   2)                 AND   R1 R1 #0
(3001) 54A0  0101010010100000 (   3)                 AND   R2 R2 #0
(3002) F023  1111000000100011 (   4)                 TRAP  x23
(3003) 1220  0001001000100000 (   5)                 ADD   R1 R0 #0
(3004) F023  1111000000100011 (   6)                 TRAP  x23
(3005) 1420  0001010000100000 (   7)                 ADD   R2 R0 #0
(3006) 2C08  0010110000001000 (   8)                 LD    R6 ASCII
(3007) 9DBF  1001110110111111 (   9)                 NOT   R6 R6
(3008) 1DA1  0001110110100001 (  10)                 ADD   R6 R6 #1
(3009) 1381  0001001110000001 (  11)                 ADD   R1 R6 R1
(300A) 1582  0001010110000010 (  12)                 ADD   R2 R6 R2
(300B) 4821  0100100000100001 (  13)                 JSR   Multiply
(300C) 5020  0101000000100000 (  14)                 AND   R0 R0 #0
(300D) 483A  0100100000111010 (  15)                 JSR   Division
(300E) F025  1111000000100101 (  16)                 TRAP  x25
(300F) 0030  0000000000110000 (  18) ASCII           .FILL x0030
(3010) 004F  0000000001001111 (  19) WRONG           .FILL x004F
(3011) 006F  0000000001101111 (  19)                 .FILL x006F
(3012) 0070  0000000001110000 (  19)                 .FILL x0070
(3013) 0073  0000000001110011 (  19)                 .FILL x0073
(3014) 0021  0000000000100001 (  19)                 .FILL x0021
(3015) 0020  0000000000100000 (  19)                 .FILL x0020
(3016) 0053  0000000001010011 (  19)                 .FILL x0053
(3017) 006F  0000000001101111 (  19)                 .FILL x006F
(3018) 006D  0000000001101101 (  19)                 .FILL x006D
(3019) 0065  0000000001100101 (  19)                 .FILL x0065
(301A) 0074  0000000001110100 (  19)                 .FILL x0074
(301B) 0068  0000000001101000 (  19)                 .FILL x0068
(301C) 0069  0000000001101001 (  19)                 .FILL x0069
(301D) 006E  0000000001101110 (  19)                 .FILL x006E
(301E) 0067  0000000001100111 (  19)                 .FILL x0067
(301F) 0020  0000000000100000 (  19)                 .FILL x0020
(3020) 0077  0000000001110111 (  19)                 .FILL x0077
(3021) 0065  0000000001100101 (  19)                 .FILL x0065
(3022) 006E  0000000001101110 (  19)                 .FILL x006E
(3023) 0074  0000000001110100 (  19)                 .FILL x0074
(3024) 0020  0000000000100000 (  19)                 .FILL x0020
(3025) 0077  0000000001110111 (  19)                 .FILL x0077
(3026) 0072  0000000001110010 (  19)                 .FILL x0072
(3027) 006F  0000000001101111 (  19)                 .FILL x006F
(3028) 006E  0000000001101110 (  19)                 .FILL x006E
(3029) 0067  0000000001100111 (  19)                 .FILL x0067
(302A) 0021  0000000000100001 (  19)                 .FILL x0021
(302B) 0000  0000000000000000 (  19)                 .FILL x0000
(302C) 000A  0000000000001010 (  20) ENDLINE         .FILL x000A
(302D) 5020  0101000000100000 (  23) Multiply        AND   R0 R0 #0
(302E) 1660  0001011001100000 (  24)                 ADD   R3 R1 #0
(302F) 18A0  0001100010100000 (  25)                 ADD   R4 R2 #0
(3030) 16E0  0001011011100000 (  26)                 ADD   R3 R3 #0
(3031) 0C0C  0000110000001100 (  27)                 BRNZ  FAIL
(3032) 1920  0001100100100000 (  28)                 ADD   R4 R4 #0
(3033) 0C0A  0000110000001010 (  29)                 BRNZ  FAIL
(3034) 1003  0001000000000011 (  30) LOOP            ADD   R0 R0 R3
(3035) 193F  0001100100111111 (  31)                 ADD   R4 R4 #-1
(3036) 03FD  0000001111111101 (  32)                 BRP   LOOP
(3037) 2DD7  0010110111010111 (  33)                 LD    R6 ASCII
(3038) 1180  0001000110000000 (  34)                 ADD   R0 R6 R0
(3039) 5B60  0101101101100000 (  35)                 AND   R5 R5 #0
(303A) 1B47  0001101101000111 (  36)                 ADD   R5 R5 R7
(303B) F021  1111000000100001 (  37)                 TRAP  x21
(303C) 21EF  0010000111101111 (  38)                 LD    R0 ENDLINE
(303D) F021  1111000000100001 (  39)                 TRAP  x21
(303E) 16E0  0001011011100000 (  40) FAIL            ADD   R3 R3 #0
(303F) 0C04  0000110000000100 (  41)                 BRNZ  JUMP
(3040) 1920  0001100100100000 (  42)                 ADD   R4 R4 #0
(3041) 0C02  0000110000000010 (  43)                 BRNZ  JUMP
(3042) E1CD  1110000111001101 (  44)                 LEA   R0 WRONG
(3043) F022  1111000000100010 (  45)                 TRAP  x22
(3044) 16E0  0001011011100000 (  46) JUMP            ADD   R3 R3 #0
(3045) 5FE0  0101111111100000 (  47)                 AND   R7 R7 #0
(3046) 1F60  0001111101100000 (  48)                 ADD   R7 R5 #0
(3047) C1C0  1100000111000000 (  49)                 RET   
(3048) 5020  0101000000100000 (  52) Division        AND   R0 R0 #0
(3049) 56E0  0101011011100000 (  53)                 AND   R3 R3 #0
(304A) 5920  0101100100100000 (  54)                 AND   R4 R4 #0
(304B) 1660  0001011001100000 (  55)                 ADD   R3 R1 #0
(304C) 16E0  0001011011100000 (  56)                 ADD   R3 R3 #0
(304D) 0C10  0000110000010000 (  57)                 BRNZ  FAIL1
(304E) 18A0  0001100010100000 (  58)                 ADD   R4 R2 #0
(304F) 1920  0001100100100000 (  59)                 ADD   R4 R4 #0
(3050) 0C0D  0000110000001101 (  60)                 BRNZ  FAIL1
(3051) 993F  1001100100111111 (  61)                 NOT   R4 R4
(3052) 1921  0001100100100001 (  62)                 ADD   R4 R4 #1
(3053) 1021  0001000000100001 (  63) LOOP1           ADD   R0 R0 #1
(3054) 16C4  0001011011000100 (  64)                 ADD   R3 R3 R4
(3055) 1AC4  0001101011000100 (  65)                 ADD   R5 R3 R4
(3056) 07FC  0000011111111100 (  66)                 BRZP  LOOP1
(3057) 2DB7  0010110110110111 (  67)                 LD    R6 ASCII
(3058) 1180  0001000110000000 (  68)                 ADD   R0 R6 R0
(3059) 5B60  0101101101100000 (  69)                 AND   R5 R5 #0
(305A) 1B47  0001101101000111 (  70)                 ADD   R5 R5 R7
(305B) F021  1111000000100001 (  71)                 TRAP  x21
(305C) 21CF  0010000111001111 (  72)                 LD    R0 ENDLINE
(305D) F021  1111000000100001 (  73)                 TRAP  x21
(305E) 16E0  0001011011100000 (  74) FAIL1           ADD   R3 R3 #0
(305F) 0C04  0000110000000100 (  75)                 BRNZ  JUMP1
(3060) 1920  0001100100100000 (  76)                 ADD   R4 R4 #0
(3061) 0C02  0000110000000010 (  77)                 BRNZ  JUMP1
(3062) E1AD  1110000110101101 (  78)                 LEA   R0 WRONG
(3063) F022  1111000000100010 (  79)                 TRAP  x22
(3064) 16E0  0001011011100000 (  80) JUMP1           ADD   R3 R3 #0
(3065) 5FE0  0101111111100000 (  81)                 AND   R7 R7 #0
(3066) 1F60  0001111101100000 (  82)                 ADD   R7 R5 #0
(3067) C1C0  1100000111000000 (  83)                 RET   
